<?xml version="1.0" encoding="UTF-8"?>
<testng-results ignored="0" total="2" passed="2" failed="0" skipped="0">
  <reporter-output>
  </reporter-output>
  <suite started-at="2023-04-10T17:40:11 MDT" name="Default suite" finished-at="2023-04-10T17:40:11 MDT" duration-ms="36">
    <groups>
    </groups>
    <test started-at="2023-04-10T17:40:11 MDT" name="Default test" finished-at="2023-04-10T17:40:11 MDT" duration-ms="36">
      <class name="JUnitPractice.JUnitSample$NewTest">
        <test-method signature="test1()[pri:0, instance:JUnitPractice.JUnitSample$NewTest@41e36e46]" started-at="2023-04-10T17:40:11 MDT" name="test1" finished-at="2023-04-10T17:40:11 MDT" duration-ms="6" status="PASS">
          <reporter-output>
          </reporter-output>
        </test-method> <!-- test1 -->
        <test-method signature="test2()[pri:0, instance:JUnitPractice.JUnitSample$NewTest@41e36e46]" started-at="2023-04-10T17:40:11 MDT" name="test2" finished-at="2023-04-10T17:40:11 MDT" duration-ms="1" status="PASS">
          <reporter-output>
          </reporter-output>
        </test-method> <!-- test2 -->
      </class> <!-- JUnitPractice.JUnitSample$NewTest -->
    </test> <!-- Default test -->
  </suite> <!-- Default suite -->
</testng-results>
