<?xml version="1.0" encoding="UTF-8"?>
<!-- Generated by org.testng.reporters.JUnitXMLReporter -->
<testsuite ignored="0" hostname="Pradeep-Laptop" failures="2" tests="2" name="Test" time="9.066" errors="0" timestamp="2023-04-28T18:43:42 MDT">
  <testcase classname="Practice.FBTestPractice" name="titleCheck" time="4.316">
    <failure type="java.lang.AssertionError" message="expected [Facebook - log in or sign up] but found [Facebook â€“ log in or sign up]">
      <![CDATA[java.lang.AssertionError: expected [Facebook - log in or sign up] but found [Facebook â€“ log in or sign up]
at Practice.FBTestPractice.titleCheck(FBTestPractice.java:20)
at java.base/java.util.ArrayList.forEach(ArrayList.java:1511)
... Removed 37 stack frames]]>
    </failure>
  </testcase> <!-- titleCheck -->
  <testcase classname="Practice.FBTestPractice" name="loginCheck" time="3.435">
    <failure type="java.lang.AssertionError" message="expected [Log into Facebook] but found [Log in]">
      <![CDATA[java.lang.AssertionError: expected [Log into Facebook] but found [Log in]
at Practice.FBTestPractice.loginCheck(FBTestPractice.java:38)
at java.base/java.util.ArrayList.forEach(ArrayList.java:1511)
... Removed 37 stack frames]]>
    </failure>
  </testcase> <!-- loginCheck -->
</testsuite> <!-- Test -->
