<?xml version="1.0" encoding="UTF-8"?>
<!-- Generated by org.testng.reporters.JUnitXMLReporter -->
<testsuite ignored="0" hostname="Pradeep-Laptop" failures="0" tests="3" name="Default test" time="34.698" errors="0" timestamp="2023-04-21T18:46:50 MDT">
  <testcase classname="DataDrivenPractice" name="login" time="5.497"/>
  <testcase classname="DataDrivenPractice" name="login" time="5.462"/>
  <testcase classname="DataDrivenPractice" name="login" time="5.284"/>
</testsuite> <!-- Default test -->
